2024-08-13 13:19:46.095 00000e18 Request: 1d.tlu.dl.delivery.mp.microsoft.com/filestreamingservice/files/4bfb7253-78b1-4c8a-b088-8f973a9635f5?P1=1723545321&P2=404&P3=2&P4=GKyN5zhuO8rTU2LLwC%2fQnlZ%2brW%2fP3cZzvGJ7UOZPjQsqMdYiahup1f3VtpIYLI7e17FSX%2fEsO4DNjG2J%2fPJu2w%3d%3d
2024-08-13 13:19:48.251 000005a0 Request: 1d.tlu.dl.delivery.mp.microsoft.com/filestreamingservice/files/303db050-f819-4654-8791-25a5eca13aa4?P1=1723542620&P2=404&P3=2&P4=JTJNdY6EaBYKvkjBiLHpWwVxjwqsBpRjHsnILlqUHuejVHbl4zyAQccndYoxdbzuKFN4eOKY4F8Ovr3xfCsCTw%3d%3d
2024-08-13 13:19:48.830 00000b78 Request: 1d.tlu.dl.delivery.mp.microsoft.com/filestreamingservice/files/4f695ad9-f65b-4ecf-939d-5a0f8aed3d4c?P1=1723545357&P2=404&P3=2&P4=CfmOr7b12HRE6iCuVU%2fJV91Q%2bk0u5sgYjFKol1%2fMgENV476Ua%2ftg3pfnepo%2f0GtNv1Zy4n%2biOy7hksiT4kHsZg%3d%3d
2024-08-13 13:19:49.814 0000048c Request: 1d.tlu.dl.delivery.mp.microsoft.com/filestreamingservice/files/303db050-f819-4654-8791-25a5eca13aa4?P1=1723542620&P2=404&P3=2&P4=JTJNdY6EaBYKvkjBiLHpWwVxjwqsBpRjHsnILlqUHuejVHbl4zyAQccndYoxdbzuKFN4eOKY4F8Ovr3xfCsCTw%3d%3d
2024-08-13 13:19:51.314 000005a0 Request: 1d.tlu.dl.delivery.mp.microsoft.com/filestreamingservice/files/303db050-f819-4654-8791-25a5eca13aa4?P1=1723542620&P2=404&P3=2&P4=JTJNdY6EaBYKvkjBiLHpWwVxjwqsBpRjHsnILlqUHuejVHbl4zyAQccndYoxdbzuKFN4eOKY4F8Ovr3xfCsCTw%3d%3d
2024-08-13 13:19:51.923 00000160 Request: 1d.tlu.dl.delivery.mp.microsoft.com/filestreamingservice/files/4f695ad9-f65b-4ecf-939d-5a0f8aed3d4c?P1=1723545357&P2=404&P3=2&P4=CfmOr7b12HRE6iCuVU%2fJV91Q%2bk0u5sgYjFKol1%2fMgENV476Ua%2ftg3pfnepo%2f0GtNv1Zy4n%2biOy7hksiT4kHsZg%3d%3d
2024-08-13 13:19:54.720 00000160 Request: 1d.tlu.dl.delivery.mp.microsoft.com/filestreamingservice/files/4f695ad9-f65b-4ecf-939d-5a0f8aed3d4c?P1=1723545357&P2=404&P3=2&P4=CfmOr7b12HRE6iCuVU%2fJV91Q%2bk0u5sgYjFKol1%2fMgENV476Ua%2ftg3pfnepo%2f0GtNv1Zy4n%2biOy7hksiT4kHsZg%3d%3d
2024-08-13 13:19:56.017 00000b78 Request: 1d.tlu.dl.delivery.mp.microsoft.com/filestreamingservice/files/4f695ad9-f65b-4ecf-939d-5a0f8aed3d4c?P1=1723545357&P2=404&P3=2&P4=CfmOr7b12HRE6iCuVU%2fJV91Q%2bk0u5sgYjFKol1%2fMgENV476Ua%2ftg3pfnepo%2f0GtNv1Zy4n%2biOy7hksiT4kHsZg%3d%3d
2024-08-13 13:19:56.376 0000048c Request: 1d.tlu.dl.delivery.mp.microsoft.com/filestreamingservice/files/303db050-f819-4654-8791-25a5eca13aa4?P1=1723542620&P2=404&P3=2&P4=JTJNdY6EaBYKvkjBiLHpWwVxjwqsBpRjHsnILlqUHuejVHbl4zyAQccndYoxdbzuKFN4eOKY4F8Ovr3xfCsCTw%3d%3d
2024-08-13 13:19:57.470 00000b78 Request: 1d.tlu.dl.delivery.mp.microsoft.com/filestreamingservice/files/4f695ad9-f65b-4ecf-939d-5a0f8aed3d4c?P1=1723545357&P2=404&P3=2&P4=CfmOr7b12HRE6iCuVU%2fJV91Q%2bk0u5sgYjFKol1%2fMgENV476Ua%2ftg3pfnepo%2f0GtNv1Zy4n%2biOy7hksiT4kHsZg%3d%3d
2024-08-13 13:19:58.455 000005a0 Request: 1d.tlu.dl.delivery.mp.microsoft.com/filestreamingservice/files/303db050-f819-4654-8791-25a5eca13aa4?P1=1723542620&P2=404&P3=2&P4=JTJNdY6EaBYKvkjBiLHpWwVxjwqsBpRjHsnILlqUHuejVHbl4zyAQccndYoxdbzuKFN4eOKY4F8Ovr3xfCsCTw%3d%3d
2024-08-13 13:19:59.705 00000160 Request: 1d.tlu.dl.delivery.mp.microsoft.com/filestreamingservice/files/4f695ad9-f65b-4ecf-939d-5a0f8aed3d4c?P1=1723545357&P2=404&P3=2&P4=CfmOr7b12HRE6iCuVU%2fJV91Q%2bk0u5sgYjFKol1%2fMgENV476Ua%2ftg3pfnepo%2f0GtNv1Zy4n%2biOy7hksiT4kHsZg%3d%3d
2024-08-13 13:20:00.689 00000b78 Request: 1d.tlu.dl.delivery.mp.microsoft.com/filestreamingservice/files/4f695ad9-f65b-4ecf-939d-5a0f8aed3d4c?P1=1723545357&P2=404&P3=2&P4=CfmOr7b12HRE6iCuVU%2fJV91Q%2bk0u5sgYjFKol1%2fMgENV476Ua%2ftg3pfnepo%2f0GtNv1Zy4n%2biOy7hksiT4kHsZg%3d%3d
2024-08-13 13:20:01.501 0000048c Request: 1d.tlu.dl.delivery.mp.microsoft.com/filestreamingservice/files/303db050-f819-4654-8791-25a5eca13aa4?P1=1723542620&P2=404&P3=2&P4=JTJNdY6EaBYKvkjBiLHpWwVxjwqsBpRjHsnILlqUHuejVHbl4zyAQccndYoxdbzuKFN4eOKY4F8Ovr3xfCsCTw%3d%3d
2024-08-13 13:20:03.423 000005a0 Request: 1d.tlu.dl.delivery.mp.microsoft.com/filestreamingservice/files/303db050-f819-4654-8791-25a5eca13aa4?P1=1723542620&P2=404&P3=2&P4=JTJNdY6EaBYKvkjBiLHpWwVxjwqsBpRjHsnILlqUHuejVHbl4zyAQccndYoxdbzuKFN4eOKY4F8Ovr3xfCsCTw%3d%3d
2024-08-13 13:20:03.658 00000b78 Request: 1d.tlu.dl.delivery.mp.microsoft.com/filestreamingservice/files/4f695ad9-f65b-4ecf-939d-5a0f8aed3d4c?P1=1723545357&P2=404&P3=2&P4=CfmOr7b12HRE6iCuVU%2fJV91Q%2bk0u5sgYjFKol1%2fMgENV476Ua%2ftg3pfnepo%2f0GtNv1Zy4n%2biOy7hksiT4kHsZg%3d%3d
2024-08-13 13:20:05.533 00000160 Request: 1d.tlu.dl.delivery.mp.microsoft.com/filestreamingservice/files/4f695ad9-f65b-4ecf-939d-5a0f8aed3d4c?P1=1723545357&P2=404&P3=2&P4=CfmOr7b12HRE6iCuVU%2fJV91Q%2bk0u5sgYjFKol1%2fMgENV476Ua%2ftg3pfnepo%2f0GtNv1Zy4n%2biOy7hksiT4kHsZg%3d%3d
2024-08-13 13:20:06.267 0000048c Request: 1d.tlu.dl.delivery.mp.microsoft.com/filestreamingservice/files/303db050-f819-4654-8791-25a5eca13aa4?P1=1723542620&P2=404&P3=2&P4=JTJNdY6EaBYKvkjBiLHpWwVxjwqsBpRjHsnILlqUHuejVHbl4zyAQccndYoxdbzuKFN4eOKY4F8Ovr3xfCsCTw%3d%3d
2024-08-13 13:20:07.548 000005a0 Request: 1d.tlu.dl.delivery.mp.microsoft.com/filestreamingservice/files/303db050-f819-4654-8791-25a5eca13aa4?P1=1723542620&P2=404&P3=2&P4=JTJNdY6EaBYKvkjBiLHpWwVxjwqsBpRjHsnILlqUHuejVHbl4zyAQccndYoxdbzuKFN4eOKY4F8Ovr3xfCsCTw%3d%3d
2024-08-13 13:20:08.892 0000048c Request: 1d.tlu.dl.delivery.mp.microsoft.com/filestreamingservice/files/303db050-f819-4654-8791-25a5eca13aa4?P1=1723542620&P2=404&P3=2&P4=JTJNdY6EaBYKvkjBiLHpWwVxjwqsBpRjHsnILlqUHuejVHbl4zyAQccndYoxdbzuKFN4eOKY4F8Ovr3xfCsCTw%3d%3d
2024-08-13 13:20:09.205 00000b78 Request: 1d.tlu.dl.delivery.mp.microsoft.com/filestreamingservice/files/4f695ad9-f65b-4ecf-939d-5a0f8aed3d4c?P1=1723545357&P2=404&P3=2&P4=CfmOr7b12HRE6iCuVU%2fJV91Q%2bk0u5sgYjFKol1%2fMgENV476Ua%2ftg3pfnepo%2f0GtNv1Zy4n%2biOy7hksiT4kHsZg%3d%3d
2024-08-13 13:20:10.064 000005a0 Request: 1d.tlu.dl.delivery.mp.microsoft.com/filestreamingservice/files/303db050-f819-4654-8791-25a5eca13aa4?P1=1723542620&P2=404&P3=2&P4=JTJNdY6EaBYKvkjBiLHpWwVxjwqsBpRjHsnILlqUHuejVHbl4zyAQccndYoxdbzuKFN4eOKY4F8Ovr3xfCsCTw%3d%3d
2024-08-13 13:20:12.564 000005a0 Request: 1d.tlu.dl.delivery.mp.microsoft.com/filestreamingservice/files/303db050-f819-4654-8791-25a5eca13aa4?P1=1723542620&P2=404&P3=2&P4=JTJNdY6EaBYKvkjBiLHpWwVxjwqsBpRjHsnILlqUHuejVHbl4zyAQccndYoxdbzuKFN4eOKY4F8Ovr3xfCsCTw%3d%3d
2024-08-13 13:20:13.080 00000b78 Request: 1d.tlu.dl.delivery.mp.microsoft.com/filestreamingservice/files/4f695ad9-f65b-4ecf-939d-5a0f8aed3d4c?P1=1723545357&P2=404&P3=2&P4=CfmOr7b12HRE6iCuVU%2fJV91Q%2bk0u5sgYjFKol1%2fMgENV476Ua%2ftg3pfnepo%2f0GtNv1Zy4n%2biOy7hksiT4kHsZg%3d%3d
2024-08-13 13:20:13.111 00000160 Request: 1d.tlu.dl.delivery.mp.microsoft.com/filestreamingservice/files/4f695ad9-f65b-4ecf-939d-5a0f8aed3d4c?P1=1723545357&P2=404&P3=2&P4=CfmOr7b12HRE6iCuVU%2fJV91Q%2bk0u5sgYjFKol1%2fMgENV476Ua%2ftg3pfnepo%2f0GtNv1Zy4n%2biOy7hksiT4kHsZg%3d%3d
2024-08-13 13:20:15.408 00000160 Request: 1d.tlu.dl.delivery.mp.microsoft.com/filestreamingservice/files/4f695ad9-f65b-4ecf-939d-5a0f8aed3d4c?P1=1723545357&P2=404&P3=2&P4=CfmOr7b12HRE6iCuVU%2fJV91Q%2bk0u5sgYjFKol1%2fMgENV476Ua%2ftg3pfnepo%2f0GtNv1Zy4n%2biOy7hksiT4kHsZg%3d%3d
2024-08-13 13:20:15.892 0000048c Request: 1d.tlu.dl.delivery.mp.microsoft.com/filestreamingservice/files/303db050-f819-4654-8791-25a5eca13aa4?P1=1723542620&P2=404&P3=2&P4=JTJNdY6EaBYKvkjBiLHpWwVxjwqsBpRjHsnILlqUHuejVHbl4zyAQccndYoxdbzuKFN4eOKY4F8Ovr3xfCsCTw%3d%3d
2024-08-13 13:20:16.533 00000b78 Request: 1d.tlu.dl.delivery.mp.microsoft.com/filestreamingservice/files/4f695ad9-f65b-4ecf-939d-5a0f8aed3d4c?P1=1723545357&P2=404&P3=2&P4=CfmOr7b12HRE6iCuVU%2fJV91Q%2bk0u5sgYjFKol1%2fMgENV476Ua%2ftg3pfnepo%2f0GtNv1Zy4n%2biOy7hksiT4kHsZg%3d%3d
2024-08-13 13:20:18.142 00000160 Request: 1d.tlu.dl.delivery.mp.microsoft.com/filestreamingservice/files/4f695ad9-f65b-4ecf-939d-5a0f8aed3d4c?P1=1723545357&P2=404&P3=2&P4=CfmOr7b12HRE6iCuVU%2fJV91Q%2bk0u5sgYjFKol1%2fMgENV476Ua%2ftg3pfnepo%2f0GtNv1Zy4n%2biOy7hksiT4kHsZg%3d%3d
2024-08-13 13:20:18.861 000005a0 Request: 1d.tlu.dl.delivery.mp.microsoft.com/filestreamingservice/files/303db050-f819-4654-8791-25a5eca13aa4?P1=1723542620&P2=404&P3=2&P4=JTJNdY6EaBYKvkjBiLHpWwVxjwqsBpRjHsnILlqUHuejVHbl4zyAQccndYoxdbzuKFN4eOKY4F8Ovr3xfCsCTw%3d%3d
2024-08-13 13:20:22.064 00000b78 Request: 1d.tlu.dl.delivery.mp.microsoft.com/filestreamingservice/files/4f695ad9-f65b-4ecf-939d-5a0f8aed3d4c?P1=1723545357&P2=404&P3=2&P4=CfmOr7b12HRE6iCuVU%2fJV91Q%2bk0u5sgYjFKol1%2fMgENV476Ua%2ftg3pfnepo%2f0GtNv1Zy4n%2biOy7hksiT4kHsZg%3d%3d
2024-08-13 13:20:22.220 0000048c Request: 1d.tlu.dl.delivery.mp.microsoft.com/filestreamingservice/files/303db050-f819-4654-8791-25a5eca13aa4?P1=1723542620&P2=404&P3=2&P4=JTJNdY6EaBYKvkjBiLHpWwVxjwqsBpRjHsnILlqUHuejVHbl4zyAQccndYoxdbzuKFN4eOKY4F8Ovr3xfCsCTw%3d%3d
2024-08-13 13:20:22.595 00000160 Request: 1d.tlu.dl.delivery.mp.microsoft.com/filestreamingservice/files/4f695ad9-f65b-4ecf-939d-5a0f8aed3d4c?P1=1723545357&P2=404&P3=2&P4=CfmOr7b12HRE6iCuVU%2fJV91Q%2bk0u5sgYjFKol1%2fMgENV476Ua%2ftg3pfnepo%2f0GtNv1Zy4n%2biOy7hksiT4kHsZg%3d%3d
2024-08-13 13:20:22.595 000005a0 Request: 1d.tlu.dl.delivery.mp.microsoft.com/filestreamingservice/files/303db050-f819-4654-8791-25a5eca13aa4?P1=1723542620&P2=404&P3=2&P4=JTJNdY6EaBYKvkjBiLHpWwVxjwqsBpRjHsnILlqUHuejVHbl4zyAQccndYoxdbzuKFN4eOKY4F8Ovr3xfCsCTw%3d%3d
2024-08-13 13:20:23.376 0000048c Request: 1d.tlu.dl.delivery.mp.microsoft.com/filestreamingservice/files/303db050-f819-4654-8791-25a5eca13aa4?P1=1723542620&P2=404&P3=2&P4=JTJNdY6EaBYKvkjBiLHpWwVxjwqsBpRjHsnILlqUHuejVHbl4zyAQccndYoxdbzuKFN4eOKY4F8Ovr3xfCsCTw%3d%3d
2024-08-13 13:20:24.595 000005a0 Request: 1d.tlu.dl.delivery.mp.microsoft.com/filestreamingservice/files/303db050-f819-4654-8791-25a5eca13aa4?P1=1723542620&P2=404&P3=2&P4=JTJNdY6EaBYKvkjBiLHpWwVxjwqsBpRjHsnILlqUHuejVHbl4zyAQccndYoxdbzuKFN4eOKY4F8Ovr3xfCsCTw%3d%3d
2024-08-13 13:20:26.736 000005a0 Request: 1d.tlu.dl.delivery.mp.microsoft.com/filestreamingservice/files/303db050-f819-4654-8791-25a5eca13aa4?P1=1723542620&P2=404&P3=2&P4=JTJNdY6EaBYKvkjBiLHpWwVxjwqsBpRjHsnILlqUHuejVHbl4zyAQccndYoxdbzuKFN4eOKY4F8Ovr3xfCsCTw%3d%3d
2024-08-13 13:20:28.189 00000160 Request: 1d.tlu.dl.delivery.mp.microsoft.com/filestreamingservice/files/4f695ad9-f65b-4ecf-939d-5a0f8aed3d4c?P1=1723545357&P2=404&P3=2&P4=CfmOr7b12HRE6iCuVU%2fJV91Q%2bk0u5sgYjFKol1%2fMgENV476Ua%2ftg3pfnepo%2f0GtNv1Zy4n%2biOy7hksiT4kHsZg%3d%3d
2024-08-13 13:20:28.298 0000048c Request: 1d.tlu.dl.delivery.mp.microsoft.com/filestreamingservice/files/303db050-f819-4654-8791-25a5eca13aa4?P1=1723542620&P2=404&P3=2&P4=JTJNdY6EaBYKvkjBiLHpWwVxjwqsBpRjHsnILlqUHuejVHbl4zyAQccndYoxdbzuKFN4eOKY4F8Ovr3xfCsCTw%3d%3d
2024-08-13 13:20:30.955 000005a0 Request: 1d.tlu.dl.delivery.mp.microsoft.com/filestreamingservice/files/303db050-f819-4654-8791-25a5eca13aa4?P1=1723542620&P2=404&P3=2&P4=JTJNdY6EaBYKvkjBiLHpWwVxjwqsBpRjHsnILlqUHuejVHbl4zyAQccndYoxdbzuKFN4eOKY4F8Ovr3xfCsCTw%3d%3d
2024-08-13 13:20:31.283 0000048c Request: 1d.tlu.dl.delivery.mp.microsoft.com/filestreamingservice/files/303db050-f819-4654-8791-25a5eca13aa4?P1=1723542620&P2=404&P3=2&P4=JTJNdY6EaBYKvkjBiLHpWwVxjwqsBpRjHsnILlqUHuejVHbl4zyAQccndYoxdbzuKFN4eOKY4F8Ovr3xfCsCTw%3d%3d
2024-08-13 13:20:31.845 00000b78 Request: 1d.tlu.dl.delivery.mp.microsoft.com/filestreamingservice/files/4f695ad9-f65b-4ecf-939d-5a0f8aed3d4c?P1=1723545357&P2=404&P3=2&P4=CfmOr7b12HRE6iCuVU%2fJV91Q%2bk0u5sgYjFKol1%2fMgENV476Ua%2ftg3pfnepo%2f0GtNv1Zy4n%2biOy7hksiT4kHsZg%3d%3d
2024-08-13 13:20:32.564 00000160 Request: 1d.tlu.dl.delivery.mp.microsoft.com/filestreamingservice/files/4f695ad9-f65b-4ecf-939d-5a0f8aed3d4c?P1=1723545357&P2=404&P3=2&P4=CfmOr7b12HRE6iCuVU%2fJV91Q%2bk0u5sgYjFKol1%2fMgENV476Ua%2ftg3pfnepo%2f0GtNv1Zy4n%2biOy7hksiT4kHsZg%3d%3d
2024-08-13 13:20:33.626 000005a0 Request: 1d.tlu.dl.delivery.mp.microsoft.com/filestreamingservice/files/303db050-f819-4654-8791-25a5eca13aa4?P1=1723542620&P2=404&P3=2&P4=JTJNdY6EaBYKvkjBiLHpWwVxjwqsBpRjHsnILlqUHuejVHbl4zyAQccndYoxdbzuKFN4eOKY4F8Ovr3xfCsCTw%3d%3d
2024-08-13 13:20:35.111 0000048c Request: 1d.tlu.dl.delivery.mp.microsoft.com/filestreamingservice/files/303db050-f819-4654-8791-25a5eca13aa4?P1=1723542620&P2=404&P3=2&P4=JTJNdY6EaBYKvkjBiLHpWwVxjwqsBpRjHsnILlqUHuejVHbl4zyAQccndYoxdbzuKFN4eOKY4F8Ovr3xfCsCTw%3d%3d
2024-08-13 13:20:35.970 00000160 Request: 1d.tlu.dl.delivery.mp.microsoft.com/filestreamingservice/files/4f695ad9-f65b-4ecf-939d-5a0f8aed3d4c?P1=1723545357&P2=404&P3=2&P4=CfmOr7b12HRE6iCuVU%2fJV91Q%2bk0u5sgYjFKol1%2fMgENV476Ua%2ftg3pfnepo%2f0GtNv1Zy4n%2biOy7hksiT4kHsZg%3d%3d
2024-08-13 13:20:37.564 00000b78 Request: 1d.tlu.dl.delivery.mp.microsoft.com/filestreamingservice/files/4f695ad9-f65b-4ecf-939d-5a0f8aed3d4c?P1=1723545357&P2=404&P3=2&P4=CfmOr7b12HRE6iCuVU%2fJV91Q%2bk0u5sgYjFKol1%2fMgENV476Ua%2ftg3pfnepo%2f0GtNv1Zy4n%2biOy7hksiT4kHsZg%3d%3d
2024-08-13 13:20:38.392 000005a0 Request: 1d.tlu.dl.delivery.mp.microsoft.com/filestreamingservice/files/303db050-f819-4654-8791-25a5eca13aa4?P1=1723542620&P2=404&P3=2&P4=JTJNdY6EaBYKvkjBiLHpWwVxjwqsBpRjHsnILlqUHuejVHbl4zyAQccndYoxdbzuKFN4eOKY4F8Ovr3xfCsCTw%3d%3d
2024-08-13 13:20:38.845 0000048c Request: 1d.tlu.dl.delivery.mp.microsoft.com/filestreamingservice/files/303db050-f819-4654-8791-25a5eca13aa4?P1=1723542620&P2=404&P3=2&P4=JTJNdY6EaBYKvkjBiLHpWwVxjwqsBpRjHsnILlqUHuejVHbl4zyAQccndYoxdbzuKFN4eOKY4F8Ovr3xfCsCTw%3d%3d
2024-08-13 13:20:40.220 000005a0 Request: 1d.tlu.dl.delivery.mp.microsoft.com/filestreamingservice/files/303db050-f819-4654-8791-25a5eca13aa4?P1=1723542620&P2=404&P3=2&P4=JTJNdY6EaBYKvkjBiLHpWwVxjwqsBpRjHsnILlqUHuejVHbl4zyAQccndYoxdbzuKFN4eOKY4F8Ovr3xfCsCTw%3d%3d
2024-08-13 13:20:43.408 00000b78 Request: 1d.tlu.dl.delivery.mp.microsoft.com/filestreamingservice/files/4f695ad9-f65b-4ecf-939d-5a0f8aed3d4c?P1=1723545357&P2=404&P3=2&P4=CfmOr7b12HRE6iCuVU%2fJV91Q%2bk0u5sgYjFKol1%2fMgENV476Ua%2ftg3pfnepo%2f0GtNv1Zy4n%2biOy7hksiT4kHsZg%3d%3d
2024-08-13 13:20:43.455 00000160 Request: 1d.tlu.dl.delivery.mp.microsoft.com/filestreamingservice/files/4f695ad9-f65b-4ecf-939d-5a0f8aed3d4c?P1=1723545357&P2=404&P3=2&P4=CfmOr7b12HRE6iCuVU%2fJV91Q%2bk0u5sgYjFKol1%2fMgENV476Ua%2ftg3pfnepo%2f0GtNv1Zy4n%2biOy7hksiT4kHsZg%3d%3d
2024-08-13 13:20:43.580 0000048c Request: 1d.tlu.dl.delivery.mp.microsoft.com/filestreamingservice/files/303db050-f819-4654-8791-25a5eca13aa4?P1=1723542620&P2=404&P3=2&P4=JTJNdY6EaBYKvkjBiLHpWwVxjwqsBpRjHsnILlqUHuejVHbl4zyAQccndYoxdbzuKFN4eOKY4F8Ovr3xfCsCTw%3d%3d
2024-08-13 13:20:43.751 000005a0 Request: 1d.tlu.dl.delivery.mp.microsoft.com/filestreamingservice/files/303db050-f819-4654-8791-25a5eca13aa4?P1=1723542620&P2=404&P3=2&P4=JTJNdY6EaBYKvkjBiLHpWwVxjwqsBpRjHsnILlqUHuejVHbl4zyAQccndYoxdbzuKFN4eOKY4F8Ovr3xfCsCTw%3d%3d
2024-08-13 13:20:45.830 000005a0 Request: 1d.tlu.dl.delivery.mp.microsoft.com/filestreamingservice/files/303db050-f819-4654-8791-25a5eca13aa4?P1=1723542620&P2=404&P3=2&P4=JTJNdY6EaBYKvkjBiLHpWwVxjwqsBpRjHsnILlqUHuejVHbl4zyAQccndYoxdbzuKFN4eOKY4F8Ovr3xfCsCTw%3d%3d
2024-08-13 13:20:48.126 00000b78 Request: 1d.tlu.dl.delivery.mp.microsoft.com/filestreamingservice/files/4f695ad9-f65b-4ecf-939d-5a0f8aed3d4c?P1=1723545357&P2=404&P3=2&P4=CfmOr7b12HRE6iCuVU%2fJV91Q%2bk0u5sgYjFKol1%2fMgENV476Ua%2ftg3pfnepo%2f0GtNv1Zy4n%2biOy7hksiT4kHsZg%3d%3d
2024-08-13 13:20:48.173 000005a0 Request: 1d.tlu.dl.delivery.mp.microsoft.com/filestreamingservice/files/303db050-f819-4654-8791-25a5eca13aa4?P1=1723542620&P2=404&P3=2&P4=JTJNdY6EaBYKvkjBiLHpWwVxjwqsBpRjHsnILlqUHuejVHbl4zyAQccndYoxdbzuKFN4eOKY4F8Ovr3xfCsCTw%3d%3d
2024-08-13 13:20:49.814 000005a0 Request: 1d.tlu.dl.delivery.mp.microsoft.com/filestreamingservice/files/303db050-f819-4654-8791-25a5eca13aa4?P1=1723542620&P2=404&P3=2&P4=JTJNdY6EaBYKvkjBiLHpWwVxjwqsBpRjHsnILlqUHuejVHbl4zyAQccndYoxdbzuKFN4eOKY4F8Ovr3xfCsCTw%3d%3d
2024-08-13 13:20:50.001 00000160 Request: 1d.tlu.dl.delivery.mp.microsoft.com/filestreamingservice/files/4f695ad9-f65b-4ecf-939d-5a0f8aed3d4c?P1=1723545357&P2=404&P3=2&P4=CfmOr7b12HRE6iCuVU%2fJV91Q%2bk0u5sgYjFKol1%2fMgENV476Ua%2ftg3pfnepo%2f0GtNv1Zy4n%2biOy7hksiT4kHsZg%3d%3d
2024-08-13 13:20:51.408 0000048c Request: 1d.tlu.dl.delivery.mp.microsoft.com/filestreamingservice/files/303db050-f819-4654-8791-25a5eca13aa4?P1=1723542620&P2=404&P3=2&P4=JTJNdY6EaBYKvkjBiLHpWwVxjwqsBpRjHsnILlqUHuejVHbl4zyAQccndYoxdbzuKFN4eOKY4F8Ovr3xfCsCTw%3d%3d
2024-08-13 13:20:53.017 000005a0 Request: 1d.tlu.dl.delivery.mp.microsoft.com/filestreamingservice/files/303db050-f819-4654-8791-25a5eca13aa4?P1=1723542620&P2=404&P3=2&P4=JTJNdY6EaBYKvkjBiLHpWwVxjwqsBpRjHsnILlqUHuejVHbl4zyAQccndYoxdbzuKFN4eOKY4F8Ovr3xfCsCTw%3d%3d
2024-08-13 13:20:54.345 0000048c Request: 1d.tlu.dl.delivery.mp.microsoft.com/filestreamingservice/files/303db050-f819-4654-8791-25a5eca13aa4?P1=1723542620&P2=404&P3=2&P4=JTJNdY6EaBYKvkjBiLHpWwVxjwqsBpRjHsnILlqUHuejVHbl4zyAQccndYoxdbzuKFN4eOKY4F8Ovr3xfCsCTw%3d%3d
2024-08-13 13:20:54.470 00000b78 Request: 1d.tlu.dl.delivery.mp.microsoft.com/filestreamingservice/files/4f695ad9-f65b-4ecf-939d-5a0f8aed3d4c?P1=1723545357&P2=404&P3=2&P4=CfmOr7b12HRE6iCuVU%2fJV91Q%2bk0u5sgYjFKol1%2fMgENV476Ua%2ftg3pfnepo%2f0GtNv1Zy4n%2biOy7hksiT4kHsZg%3d%3d
2024-08-13 13:20:54.689 00000160 Request: 1d.tlu.dl.delivery.mp.microsoft.com/filestreamingservice/files/4f695ad9-f65b-4ecf-939d-5a0f8aed3d4c?P1=1723545357&P2=404&P3=2&P4=CfmOr7b12HRE6iCuVU%2fJV91Q%2bk0u5sgYjFKol1%2fMgENV476Ua%2ftg3pfnepo%2f0GtNv1Zy4n%2biOy7hksiT4kHsZg%3d%3d
2024-08-13 13:20:56.970 000005a0 Request: 1d.tlu.dl.delivery.mp.microsoft.com/filestreamingservice/files/303db050-f819-4654-8791-25a5eca13aa4?P1=1723542620&P2=404&P3=2&P4=JTJNdY6EaBYKvkjBiLHpWwVxjwqsBpRjHsnILlqUHuejVHbl4zyAQccndYoxdbzuKFN4eOKY4F8Ovr3xfCsCTw%3d%3d
2024-08-13 13:20:57.986 0000048c Request: 1d.tlu.dl.delivery.mp.microsoft.com/filestreamingservice/files/303db050-f819-4654-8791-25a5eca13aa4?P1=1723542620&P2=404&P3=2&P4=JTJNdY6EaBYKvkjBiLHpWwVxjwqsBpRjHsnILlqUHuejVHbl4zyAQccndYoxdbzuKFN4eOKY4F8Ovr3xfCsCTw%3d%3d
2024-08-13 13:20:59.080 00000160 Request: 1d.tlu.dl.delivery.mp.microsoft.com/filestreamingservice/files/4f695ad9-f65b-4ecf-939d-5a0f8aed3d4c?P1=1723545357&P2=404&P3=2&P4=CfmOr7b12HRE6iCuVU%2fJV91Q%2bk0u5sgYjFKol1%2fMgENV476Ua%2ftg3pfnepo%2f0GtNv1Zy4n%2biOy7hksiT4kHsZg%3d%3d
2024-08-13 13:21:00.142 0000048c Request: 1d.tlu.dl.delivery.mp.microsoft.com/filestreamingservice/files/303db050-f819-4654-8791-25a5eca13aa4?P1=1723542620&P2=404&P3=2&P4=JTJNdY6EaBYKvkjBiLHpWwVxjwqsBpRjHsnILlqUHuejVHbl4zyAQccndYoxdbzuKFN4eOKY4F8Ovr3xfCsCTw%3d%3d
2024-08-13 13:21:00.736 00000b78 Request: 1d.tlu.dl.delivery.mp.microsoft.com/filestreamingservice/files/4f695ad9-f65b-4ecf-939d-5a0f8aed3d4c?P1=1723545357&P2=404&P3=2&P4=CfmOr7b12HRE6iCuVU%2fJV91Q%2bk0u5sgYjFKol1%2fMgENV476Ua%2ftg3pfnepo%2f0GtNv1Zy4n%2biOy7hksiT4kHsZg%3d%3d
2024-08-13 13:21:03.330 00000b78 Request: 1d.tlu.dl.delivery.mp.microsoft.com/filestreamingservice/files/4f695ad9-f65b-4ecf-939d-5a0f8aed3d4c?P1=1723545357&P2=404&P3=2&P4=CfmOr7b12HRE6iCuVU%2fJV91Q%2bk0u5sgYjFKol1%2fMgENV476Ua%2ftg3pfnepo%2f0GtNv1Zy4n%2biOy7hksiT4kHsZg%3d%3d
2024-08-13 13:21:03.642 000005a0 Request: 1d.tlu.dl.delivery.mp.microsoft.com/filestreamingservice/files/303db050-f819-4654-8791-25a5eca13aa4?P1=1723542620&P2=404&P3=2&P4=JTJNdY6EaBYKvkjBiLHpWwVxjwqsBpRjHsnILlqUHuejVHbl4zyAQccndYoxdbzuKFN4eOKY4F8Ovr3xfCsCTw%3d%3d
2024-08-13 13:21:03.814 00000160 Request: 1d.tlu.dl.delivery.mp.microsoft.com/filestreamingservice/files/4f695ad9-f65b-4ecf-939d-5a0f8aed3d4c?P1=1723545357&P2=404&P3=2&P4=CfmOr7b12HRE6iCuVU%2fJV91Q%2bk0u5sgYjFKol1%2fMgENV476Ua%2ftg3pfnepo%2f0GtNv1Zy4n%2biOy7hksiT4kHsZg%3d%3d
2024-08-13 13:21:05.580 0000048c Request: 1d.tlu.dl.delivery.mp.microsoft.com/filestreamingservice/files/303db050-f819-4654-8791-25a5eca13aa4?P1=1723542620&P2=404&P3=2&P4=JTJNdY6EaBYKvkjBiLHpWwVxjwqsBpRjHsnILlqUHuejVHbl4zyAQccndYoxdbzuKFN4eOKY4F8Ovr3xfCsCTw%3d%3d
2024-08-13 13:21:08.189 0000048c Request: 1d.tlu.dl.delivery.mp.microsoft.com/filestreamingservice/files/303db050-f819-4654-8791-25a5eca13aa4?P1=1723542620&P2=404&P3=2&P4=JTJNdY6EaBYKvkjBiLHpWwVxjwqsBpRjHsnILlqUHuejVHbl4zyAQccndYoxdbzuKFN4eOKY4F8Ovr3xfCsCTw%3d%3d
2024-08-13 13:21:08.408 00000160 Request: 1d.tlu.dl.delivery.mp.microsoft.com/filestreamingservice/files/4f695ad9-f65b-4ecf-939d-5a0f8aed3d4c?P1=1723545357&P2=404&P3=2&P4=CfmOr7b12HRE6iCuVU%2fJV91Q%2bk0u5sgYjFKol1%2fMgENV476Ua%2ftg3pfnepo%2f0GtNv1Zy4n%2biOy7hksiT4kHsZg%3d%3d
2024-08-13 13:21:08.517 000005a0 Request: 1d.tlu.dl.delivery.mp.microsoft.com/filestreamingservice/files/303db050-f819-4654-8791-25a5eca13aa4?P1=1723542620&P2=404&P3=2&P4=JTJNdY6EaBYKvkjBiLHpWwVxjwqsBpRjHsnILlqUHuejVHbl4zyAQccndYoxdbzuKFN4eOKY4F8Ovr3xfCsCTw%3d%3d
2024-08-13 13:21:09.673 00000b78 Request: 1d.tlu.dl.delivery.mp.microsoft.com/filestreamingservice/files/4f695ad9-f65b-4ecf-939d-5a0f8aed3d4c?P1=1723545357&P2=404&P3=2&P4=CfmOr7b12HRE6iCuVU%2fJV91Q%2bk0u5sgYjFKol1%2fMgENV476Ua%2ftg3pfnepo%2f0GtNv1Zy4n%2biOy7hksiT4kHsZg%3d%3d
2024-08-13 13:21:09.783 0000048c Request: 1d.tlu.dl.delivery.mp.microsoft.com/filestreamingservice/files/303db050-f819-4654-8791-25a5eca13aa4?P1=1723542620&P2=404&P3=2&P4=JTJNdY6EaBYKvkjBiLHpWwVxjwqsBpRjHsnILlqUHuejVHbl4zyAQccndYoxdbzuKFN4eOKY4F8Ovr3xfCsCTw%3d%3d
2024-08-13 13:21:11.970 00000160 Request: 1d.tlu.dl.delivery.mp.microsoft.com/filestreamingservice/files/4f695ad9-f65b-4ecf-939d-5a0f8aed3d4c?P1=1723545357&P2=404&P3=2&P4=CfmOr7b12HRE6iCuVU%2fJV91Q%2bk0u5sgYjFKol1%2fMgENV476Ua%2ftg3pfnepo%2f0GtNv1Zy4n%2biOy7hksiT4kHsZg%3d%3d
2024-08-13 13:21:14.220 0000048c Request: 1d.tlu.dl.delivery.mp.microsoft.com/filestreamingservice/files/303db050-f819-4654-8791-25a5eca13aa4?P1=1723542620&P2=404&P3=2&P4=JTJNdY6EaBYKvkjBiLHpWwVxjwqsBpRjHsnILlqUHuejVHbl4zyAQccndYoxdbzuKFN4eOKY4F8Ovr3xfCsCTw%3d%3d
2024-08-13 13:21:14.626 00000160 Request: 1d.tlu.dl.delivery.mp.microsoft.com/filestreamingservice/files/4f695ad9-f65b-4ecf-939d-5a0f8aed3d4c?P1=1723545357&P2=404&P3=2&P4=CfmOr7b12HRE6iCuVU%2fJV91Q%2bk0u5sgYjFKol1%2fMgENV476Ua%2ftg3pfnepo%2f0GtNv1Zy4n%2biOy7hksiT4kHsZg%3d%3d
2024-08-13 13:21:15.111 00000b78 Request: 1d.tlu.dl.delivery.mp.microsoft.com/filestreamingservice/files/4f695ad9-f65b-4ecf-939d-5a0f8aed3d4c?P1=1723545357&P2=404&P3=2&P4=CfmOr7b12HRE6iCuVU%2fJV91Q%2bk0u5sgYjFKol1%2fMgENV476Ua%2ftg3pfnepo%2f0GtNv1Zy4n%2biOy7hksiT4kHsZg%3d%3d
2024-08-13 13:21:16.580 000005a0 Request: 1d.tlu.dl.delivery.mp.microsoft.com/filestreamingservice/files/303db050-f819-4654-8791-25a5eca13aa4?P1=1723542620&P2=404&P3=2&P4=JTJNdY6EaBYKvkjBiLHpWwVxjwqsBpRjHsnILlqUHuejVHbl4zyAQccndYoxdbzuKFN4eOKY4F8Ovr3xfCsCTw%3d%3d
2024-08-13 13:21:17.814 0000048c Request: 1d.tlu.dl.delivery.mp.microsoft.com/filestreamingservice/files/303db050-f819-4654-8791-25a5eca13aa4?P1=1723542620&P2=404&P3=2&P4=JTJNdY6EaBYKvkjBiLHpWwVxjwqsBpRjHsnILlqUHuejVHbl4zyAQccndYoxdbzuKFN4eOKY4F8Ovr3xfCsCTw%3d%3d
2024-08-13 13:21:18.705 00000b78 Request: 1d.tlu.dl.delivery.mp.microsoft.com/filestreamingservice/files/4f695ad9-f65b-4ecf-939d-5a0f8aed3d4c?P1=1723545357&P2=404&P3=2&P4=CfmOr7b12HRE6iCuVU%2fJV91Q%2bk0u5sgYjFKol1%2fMgENV476Ua%2ftg3pfnepo%2f0GtNv1Zy4n%2biOy7hksiT4kHsZg%3d%3d
2024-08-13 13:21:22.048 00000160 Request: 1d.tlu.dl.delivery.mp.microsoft.com/filestreamingservice/files/4f695ad9-f65b-4ecf-939d-5a0f8aed3d4c?P1=1723545357&P2=404&P3=2&P4=CfmOr7b12HRE6iCuVU%2fJV91Q%2bk0u5sgYjFKol1%2fMgENV476Ua%2ftg3pfnepo%2f0GtNv1Zy4n%2biOy7hksiT4kHsZg%3d%3d
2024-08-13 13:21:22.392 00000b78 Request: 1d.tlu.dl.delivery.mp.microsoft.com/filestreamingservice/files/4f695ad9-f65b-4ecf-939d-5a0f8aed3d4c?P1=1723545357&P2=404&P3=2&P4=CfmOr7b12HRE6iCuVU%2fJV91Q%2bk0u5sgYjFKol1%2fMgENV476Ua%2ftg3pfnepo%2f0GtNv1Zy4n%2biOy7hksiT4kHsZg%3d%3d
2024-08-13 13:21:22.923 00000160 Request: 1d.tlu.dl.delivery.mp.microsoft.com/filestreamingservice/files/4f695ad9-f65b-4ecf-939d-5a0f8aed3d4c?P1=1723545357&P2=404&P3=2&P4=CfmOr7b12HRE6iCuVU%2fJV91Q%2bk0u5sgYjFKol1%2fMgENV476Ua%2ftg3pfnepo%2f0GtNv1Zy4n%2biOy7hksiT4kHsZg%3d%3d
2024-08-13 13:21:24.314 00000b78 Request: 1d.tlu.dl.delivery.mp.microsoft.com/filestreamingservice/files/4f695ad9-f65b-4ecf-939d-5a0f8aed3d4c?P1=1723545357&P2=404&P3=2&P4=CfmOr7b12HRE6iCuVU%2fJV91Q%2bk0u5sgYjFKol1%2fMgENV476Ua%2ftg3pfnepo%2f0GtNv1Zy4n%2biOy7hksiT4kHsZg%3d%3d
2024-08-13 13:21:24.908 00000160 Request: 1d.tlu.dl.delivery.mp.microsoft.com/filestreamingservice/files/4f695ad9-f65b-4ecf-939d-5a0f8aed3d4c?P1=1723545357&P2=404&P3=2&P4=CfmOr7b12HRE6iCuVU%2fJV91Q%2bk0u5sgYjFKol1%2fMgENV476Ua%2ftg3pfnepo%2f0GtNv1Zy4n%2biOy7hksiT4kHsZg%3d%3d
2024-08-13 13:21:24.939 00000780 Request: geover.prod.do.dsp.mp.microsoft.com:443/
2024-08-13 13:21:26.642 00000b78 Request: 1d.tlu.dl.delivery.mp.microsoft.com/filestreamingservice/files/4f695ad9-f65b-4ecf-939d-5a0f8aed3d4c?P1=1723545357&P2=404&P3=2&P4=CfmOr7b12HRE6iCuVU%2fJV91Q%2bk0u5sgYjFKol1%2fMgENV476Ua%2ftg3pfnepo%2f0GtNv1Zy4n%2biOy7hksiT4kHsZg%3d%3d
2024-08-13 13:21:27.033 00000160 Request: 1d.tlu.dl.delivery.mp.microsoft.com/filestreamingservice/files/4f695ad9-f65b-4ecf-939d-5a0f8aed3d4c?P1=1723545357&P2=404&P3=2&P4=CfmOr7b12HRE6iCuVU%2fJV91Q%2bk0u5sgYjFKol1%2fMgENV476Ua%2ftg3pfnepo%2f0GtNv1Zy4n%2biOy7hksiT4kHsZg%3d%3d
2024-08-13 13:21:28.814 00000160 Request: 1d.tlu.dl.delivery.mp.microsoft.com/filestreamingservice/files/4f695ad9-f65b-4ecf-939d-5a0f8aed3d4c?P1=1723545357&P2=404&P3=2&P4=CfmOr7b12HRE6iCuVU%2fJV91Q%2bk0u5sgYjFKol1%2fMgENV476Ua%2ftg3pfnepo%2f0GtNv1Zy4n%2biOy7hksiT4kHsZg%3d%3d
2024-08-13 13:21:29.236 00000b78 Request: 1d.tlu.dl.delivery.mp.microsoft.com/filestreamingservice/files/4f695ad9-f65b-4ecf-939d-5a0f8aed3d4c?P1=1723545357&P2=404&P3=2&P4=CfmOr7b12HRE6iCuVU%2fJV91Q%2bk0u5sgYjFKol1%2fMgENV476Ua%2ftg3pfnepo%2f0GtNv1Zy4n%2biOy7hksiT4kHsZg%3d%3d
2024-08-13 13:21:30.314 00000160 Request: 1d.tlu.dl.delivery.mp.microsoft.com/filestreamingservice/files/4f695ad9-f65b-4ecf-939d-5a0f8aed3d4c?P1=1723545357&P2=404&P3=2&P4=CfmOr7b12HRE6iCuVU%2fJV91Q%2bk0u5sgYjFKol1%2fMgENV476Ua%2ftg3pfnepo%2f0GtNv1Zy4n%2biOy7hksiT4kHsZg%3d%3d
2024-08-13 13:21:31.955 00000160 Request: 1d.tlu.dl.delivery.mp.microsoft.com/filestreamingservice/files/4f695ad9-f65b-4ecf-939d-5a0f8aed3d4c?P1=1723545357&P2=404&P3=2&P4=CfmOr7b12HRE6iCuVU%2fJV91Q%2bk0u5sgYjFKol1%2fMgENV476Ua%2ftg3pfnepo%2f0GtNv1Zy4n%2biOy7hksiT4kHsZg%3d%3d
2024-08-13 13:21:32.439 00000b78 Request: 1d.tlu.dl.delivery.mp.microsoft.com/filestreamingservice/files/4f695ad9-f65b-4ecf-939d-5a0f8aed3d4c?P1=1723545357&P2=404&P3=2&P4=CfmOr7b12HRE6iCuVU%2fJV91Q%2bk0u5sgYjFKol1%2fMgENV476Ua%2ftg3pfnepo%2f0GtNv1Zy4n%2biOy7hksiT4kHsZg%3d%3d
2024-08-13 13:21:34.017 00000b78 Request: 1d.tlu.dl.delivery.mp.microsoft.com/filestreamingservice/files/4f695ad9-f65b-4ecf-939d-5a0f8aed3d4c?P1=1723545357&P2=404&P3=2&P4=CfmOr7b12HRE6iCuVU%2fJV91Q%2bk0u5sgYjFKol1%2fMgENV476Ua%2ftg3pfnepo%2f0GtNv1Zy4n%2biOy7hksiT4kHsZg%3d%3d
2024-08-13 13:21:34.517 00000160 Request: 1d.tlu.dl.delivery.mp.microsoft.com/filestreamingservice/files/4f695ad9-f65b-4ecf-939d-5a0f8aed3d4c?P1=1723545357&P2=404&P3=2&P4=CfmOr7b12HRE6iCuVU%2fJV91Q%2bk0u5sgYjFKol1%2fMgENV476Ua%2ftg3pfnepo%2f0GtNv1Zy4n%2biOy7hksiT4kHsZg%3d%3d
2024-08-13 13:21:36.361 00000160 Request: 1d.tlu.dl.delivery.mp.microsoft.com/filestreamingservice/files/4f695ad9-f65b-4ecf-939d-5a0f8aed3d4c?P1=1723545357&P2=404&P3=2&P4=CfmOr7b12HRE6iCuVU%2fJV91Q%2bk0u5sgYjFKol1%2fMgENV476Ua%2ftg3pfnepo%2f0GtNv1Zy4n%2biOy7hksiT4kHsZg%3d%3d
2024-08-13 13:21:36.642 00000b78 Request: 1d.tlu.dl.delivery.mp.microsoft.com/filestreamingservice/files/4f695ad9-f65b-4ecf-939d-5a0f8aed3d4c?P1=1723545357&P2=404&P3=2&P4=CfmOr7b12HRE6iCuVU%2fJV91Q%2bk0u5sgYjFKol1%2fMgENV476Ua%2ftg3pfnepo%2f0GtNv1Zy4n%2biOy7hksiT4kHsZg%3d%3d
2024-08-13 13:21:37.783 00000160 Request: 1d.tlu.dl.delivery.mp.microsoft.com/filestreamingservice/files/4f695ad9-f65b-4ecf-939d-5a0f8aed3d4c?P1=1723545357&P2=404&P3=2&P4=CfmOr7b12HRE6iCuVU%2fJV91Q%2bk0u5sgYjFKol1%2fMgENV476Ua%2ftg3pfnepo%2f0GtNv1Zy4n%2biOy7hksiT4kHsZg%3d%3d
2024-08-13 13:21:38.798 00000370 Request: login.live.com:443/
2024-08-13 13:21:38.955 00000b78 Request: 1d.tlu.dl.delivery.mp.microsoft.com/filestreamingservice/files/4f695ad9-f65b-4ecf-939d-5a0f8aed3d4c?P1=1723545357&P2=404&P3=2&P4=CfmOr7b12HRE6iCuVU%2fJV91Q%2bk0u5sgYjFKol1%2fMgENV476Ua%2ftg3pfnepo%2f0GtNv1Zy4n%2biOy7hksiT4kHsZg%3d%3d
2024-08-13 13:21:40.908 00000b78 Request: 1d.tlu.dl.delivery.mp.microsoft.com/filestreamingservice/files/4f695ad9-f65b-4ecf-939d-5a0f8aed3d4c?P1=1723545357&P2=404&P3=2&P4=CfmOr7b12HRE6iCuVU%2fJV91Q%2bk0u5sgYjFKol1%2fMgENV476Ua%2ftg3pfnepo%2f0GtNv1Zy4n%2biOy7hksiT4kHsZg%3d%3d
2024-08-13 13:21:40.970 00000160 Request: 1d.tlu.dl.delivery.mp.microsoft.com/filestreamingservice/files/4f695ad9-f65b-4ecf-939d-5a0f8aed3d4c?P1=1723545357&P2=404&P3=2&P4=CfmOr7b12HRE6iCuVU%2fJV91Q%2bk0u5sgYjFKol1%2fMgENV476Ua%2ftg3pfnepo%2f0GtNv1Zy4n%2biOy7hksiT4kHsZg%3d%3d
2024-08-13 13:21:42.939 00000b78 Request: 1d.tlu.dl.delivery.mp.microsoft.com/filestreamingservice/files/4f695ad9-f65b-4ecf-939d-5a0f8aed3d4c?P1=1723545357&P2=404&P3=2&P4=CfmOr7b12HRE6iCuVU%2fJV91Q%2bk0u5sgYjFKol1%2fMgENV476Ua%2ftg3pfnepo%2f0GtNv1Zy4n%2biOy7hksiT4kHsZg%3d%3d
2024-08-13 13:21:43.111 00000160 Request: 1d.tlu.dl.delivery.mp.microsoft.com/filestreamingservice/files/4f695ad9-f65b-4ecf-939d-5a0f8aed3d4c?P1=1723545357&P2=404&P3=2&P4=CfmOr7b12HRE6iCuVU%2fJV91Q%2bk0u5sgYjFKol1%2fMgENV476Ua%2ftg3pfnepo%2f0GtNv1Zy4n%2biOy7hksiT4kHsZg%3d%3d
2024-08-13 13:21:45.080 00000b78 Request: 1d.tlu.dl.delivery.mp.microsoft.com/filestreamingservice/files/4f695ad9-f65b-4ecf-939d-5a0f8aed3d4c?P1=1723545357&P2=404&P3=2&P4=CfmOr7b12HRE6iCuVU%2fJV91Q%2bk0u5sgYjFKol1%2fMgENV476Ua%2ftg3pfnepo%2f0GtNv1Zy4n%2biOy7hksiT4kHsZg%3d%3d
2024-08-13 13:21:45.251 00000160 Request: 1d.tlu.dl.delivery.mp.microsoft.com/filestreamingservice/files/4f695ad9-f65b-4ecf-939d-5a0f8aed3d4c?P1=1723545357&P2=404&P3=2&P4=CfmOr7b12HRE6iCuVU%2fJV91Q%2bk0u5sgYjFKol1%2fMgENV476Ua%2ftg3pfnepo%2f0GtNv1Zy4n%2biOy7hksiT4kHsZg%3d%3d
2024-08-13 13:21:46.955 00000160 Request: 1d.tlu.dl.delivery.mp.microsoft.com/filestreamingservice/files/4f695ad9-f65b-4ecf-939d-5a0f8aed3d4c?P1=1723545357&P2=404&P3=2&P4=CfmOr7b12HRE6iCuVU%2fJV91Q%2bk0u5sgYjFKol1%2fMgENV476Ua%2ftg3pfnepo%2f0GtNv1Zy4n%2biOy7hksiT4kHsZg%3d%3d
2024-08-13 13:21:47.689 00000b78 Request: 1d.tlu.dl.delivery.mp.microsoft.com/filestreamingservice/files/4f695ad9-f65b-4ecf-939d-5a0f8aed3d4c?P1=1723545357&P2=404&P3=2&P4=CfmOr7b12HRE6iCuVU%2fJV91Q%2bk0u5sgYjFKol1%2fMgENV476Ua%2ftg3pfnepo%2f0GtNv1Zy4n%2biOy7hksiT4kHsZg%3d%3d
2024-08-13 13:21:49.501 00000160 Request: 1d.tlu.dl.delivery.mp.microsoft.com/filestreamingservice/files/4f695ad9-f65b-4ecf-939d-5a0f8aed3d4c?P1=1723545357&P2=404&P3=2&P4=CfmOr7b12HRE6iCuVU%2fJV91Q%2bk0u5sgYjFKol1%2fMgENV476Ua%2ftg3pfnepo%2f0GtNv1Zy4n%2biOy7hksiT4kHsZg%3d%3d
2024-08-13 13:21:49.501 00000b78 Request: 1d.tlu.dl.delivery.mp.microsoft.com/filestreamingservice/files/4f695ad9-f65b-4ecf-939d-5a0f8aed3d4c?P1=1723545357&P2=404&P3=2&P4=CfmOr7b12HRE6iCuVU%2fJV91Q%2bk0u5sgYjFKol1%2fMgENV476Ua%2ftg3pfnepo%2f0GtNv1Zy4n%2biOy7hksiT4kHsZg%3d%3d
2024-08-13 13:21:51.767 00000160 Request: 1d.tlu.dl.delivery.mp.microsoft.com/filestreamingservice/files/4f695ad9-f65b-4ecf-939d-5a0f8aed3d4c?P1=1723545357&P2=404&P3=2&P4=CfmOr7b12HRE6iCuVU%2fJV91Q%2bk0u5sgYjFKol1%2fMgENV476Ua%2ftg3pfnepo%2f0GtNv1Zy4n%2biOy7hksiT4kHsZg%3d%3d
2024-08-13 13:21:51.830 00000b78 Request: 1d.tlu.dl.delivery.mp.microsoft.com/filestreamingservice/files/4f695ad9-f65b-4ecf-939d-5a0f8aed3d4c?P1=1723545357&P2=404&P3=2&P4=CfmOr7b12HRE6iCuVU%2fJV91Q%2bk0u5sgYjFKol1%2fMgENV476Ua%2ftg3pfnepo%2f0GtNv1Zy4n%2biOy7hksiT4kHsZg%3d%3d
2024-08-13 13:21:53.314 00000160 Request: 1d.tlu.dl.delivery.mp.microsoft.com/filestreamingservice/files/4f695ad9-f65b-4ecf-939d-5a0f8aed3d4c?P1=1723545357&P2=404&P3=2&P4=CfmOr7b12HRE6iCuVU%2fJV91Q%2bk0u5sgYjFKol1%2fMgENV476Ua%2ftg3pfnepo%2f0GtNv1Zy4n%2biOy7hksiT4kHsZg%3d%3d
2024-08-13 13:21:54.158 00000b78 Request: 1d.tlu.dl.delivery.mp.microsoft.com/filestreamingservice/files/4f695ad9-f65b-4ecf-939d-5a0f8aed3d4c?P1=1723545357&P2=404&P3=2&P4=CfmOr7b12HRE6iCuVU%2fJV91Q%2bk0u5sgYjFKol1%2fMgENV476Ua%2ftg3pfnepo%2f0GtNv1Zy4n%2biOy7hksiT4kHsZg%3d%3d
2024-08-13 13:21:56.158 00000b78 Request: 1d.tlu.dl.delivery.mp.microsoft.com/filestreamingservice/files/4f695ad9-f65b-4ecf-939d-5a0f8aed3d4c?P1=1723545357&P2=404&P3=2&P4=CfmOr7b12HRE6iCuVU%2fJV91Q%2bk0u5sgYjFKol1%2fMgENV476Ua%2ftg3pfnepo%2f0GtNv1Zy4n%2biOy7hksiT4kHsZg%3d%3d
2024-08-13 13:21:57.048 00000160 Request: 1d.tlu.dl.delivery.mp.microsoft.com/filestreamingservice/files/4f695ad9-f65b-4ecf-939d-5a0f8aed3d4c?P1=1723545357&P2=404&P3=2&P4=CfmOr7b12HRE6iCuVU%2fJV91Q%2bk0u5sgYjFKol1%2fMgENV476Ua%2ftg3pfnepo%2f0GtNv1Zy4n%2biOy7hksiT4kHsZg%3d%3d
2024-08-13 13:21:57.564 00000b78 Request: 1d.tlu.dl.delivery.mp.microsoft.com/filestreamingservice/files/4f695ad9-f65b-4ecf-939d-5a0f8aed3d4c?P1=1723545357&P2=404&P3=2&P4=CfmOr7b12HRE6iCuVU%2fJV91Q%2bk0u5sgYjFKol1%2fMgENV476Ua%2ftg3pfnepo%2f0GtNv1Zy4n%2biOy7hksiT4kHsZg%3d%3d
2024-08-13 13:21:59.330 00000b78 Request: 1d.tlu.dl.delivery.mp.microsoft.com/filestreamingservice/files/4f695ad9-f65b-4ecf-939d-5a0f8aed3d4c?P1=1723545357&P2=404&P3=2&P4=CfmOr7b12HRE6iCuVU%2fJV91Q%2bk0u5sgYjFKol1%2fMgENV476Ua%2ftg3pfnepo%2f0GtNv1Zy4n%2biOy7hksiT4kHsZg%3d%3d
2024-08-13 13:22:00.330 00000b78 Request: 1d.tlu.dl.delivery.mp.microsoft.com/filestreamingservice/files/4f695ad9-f65b-4ecf-939d-5a0f8aed3d4c?P1=1723545357&P2=404&P3=2&P4=CfmOr7b12HRE6iCuVU%2fJV91Q%2bk0u5sgYjFKol1%2fMgENV476Ua%2ftg3pfnepo%2f0GtNv1Zy4n%2biOy7hksiT4kHsZg%3d%3d
2024-08-13 13:22:00.533 00000160 Request: 1d.tlu.dl.delivery.mp.microsoft.com/filestreamingservice/files/4f695ad9-f65b-4ecf-939d-5a0f8aed3d4c?P1=1723545357&P2=404&P3=2&P4=CfmOr7b12HRE6iCuVU%2fJV91Q%2bk0u5sgYjFKol1%2fMgENV476Ua%2ftg3pfnepo%2f0GtNv1Zy4n%2biOy7hksiT4kHsZg%3d%3d
2024-08-13 13:22:02.189 00000b78 Request: 1d.tlu.dl.delivery.mp.microsoft.com/filestreamingservice/files/4f695ad9-f65b-4ecf-939d-5a0f8aed3d4c?P1=1723545357&P2=404&P3=2&P4=CfmOr7b12HRE6iCuVU%2fJV91Q%2bk0u5sgYjFKol1%2fMgENV476Ua%2ftg3pfnepo%2f0GtNv1Zy4n%2biOy7hksiT4kHsZg%3d%3d
2024-08-13 13:22:02.580 00000160 Request: 1d.tlu.dl.delivery.mp.microsoft.com/filestreamingservice/files/4f695ad9-f65b-4ecf-939d-5a0f8aed3d4c?P1=1723545357&P2=404&P3=2&P4=CfmOr7b12HRE6iCuVU%2fJV91Q%2bk0u5sgYjFKol1%2fMgENV476Ua%2ftg3pfnepo%2f0GtNv1Zy4n%2biOy7hksiT4kHsZg%3d%3d
2024-08-13 13:22:04.314 00000160 Request: 1d.tlu.dl.delivery.mp.microsoft.com/filestreamingservice/files/4f695ad9-f65b-4ecf-939d-5a0f8aed3d4c?P1=1723545357&P2=404&P3=2&P4=CfmOr7b12HRE6iCuVU%2fJV91Q%2bk0u5sgYjFKol1%2fMgENV476Ua%2ftg3pfnepo%2f0GtNv1Zy4n%2biOy7hksiT4kHsZg%3d%3d
2024-08-13 13:25:08.017 00000d6c Request: login.live.com:443/
2024-08-13 13:25:48.642 000005e4 Request: settings-win.data.microsoft.com:443/
2024-08-13 13:32:52.970 00000d50 Request: ctldl.windowsupdate.com/msdownload/update/v3/static/trustedr/en/authrootstl.cab?c828c983665d6fdb
2024-08-13 13:33:04.814 00000160 Request: settings-win.data.microsoft.com:443/
2024-08-13 13:33:05.705 00000e5c Request: settings-win.data.microsoft.com:443/
2024-08-13 13:44:03.064 00000b34 Request: settings-win.data.microsoft.com:443/
2024-08-13 14:02:52.705 000004b0 Request: ctldl.windowsupdate.com/msdownload/update/v3/static/trustedr/en/disallowedcertstl.cab?f81cca39d8262292
2024-08-13 14:36:30.783 00000ef4 Request: msedge.api.cdp.microsoft.com:443/
2024-08-13 14:36:31.970 000002e4 Request: geo.prod.do.dsp.mp.microsoft.com:443/
2024-08-13 14:36:32.017 00000350 Request: cp601.prod.do.dsp.mp.microsoft.com:443/
2024-08-13 14:36:32.455 00000534 Request: dl.delivery.mp.microsoft.com/filestreamingservice//files/da952fb5-92de-44f8-bf9f-f225d7913731/pieceshash
2024-08-13 14:36:32.720 00000d20 Request: msedge.b.tlu.dl.delivery.mp.microsoft.com/filestreamingservice/files/da952fb5-92de-44f8-bf9f-f225d7913731?P1=1724148368&P2=404&P3=2&P4=IQaNV97IfPXhdYt0bBHhF7gdA6c6li8lEfaCuxcbWKlaQ%2fkWQw6ww9FaBuGXPVVK1ITkMSPHvMpjVoqby8cTvQ%3d%3d
2024-08-13 14:36:32.751 00000934 Request: msedge.b.tlu.dl.delivery.mp.microsoft.com/filestreamingservice/files/da952fb5-92de-44f8-bf9f-f225d7913731?P1=1724148368&P2=404&P3=2&P4=IQaNV97IfPXhdYt0bBHhF7gdA6c6li8lEfaCuxcbWKlaQ%2fkWQw6ww9FaBuGXPVVK1ITkMSPHvMpjVoqby8cTvQ%3d%3d
2024-08-13 14:36:33.017 00000a3c Request: kv601.prod.do.dsp.mp.microsoft.com:443/
2024-08-13 14:36:34.298 00000d20 Request: msedge.b.tlu.dl.delivery.mp.microsoft.com/filestreamingservice/files/da952fb5-92de-44f8-bf9f-f225d7913731?P1=1724148368&P2=404&P3=2&P4=IQaNV97IfPXhdYt0bBHhF7gdA6c6li8lEfaCuxcbWKlaQ%2fkWQw6ww9FaBuGXPVVK1ITkMSPHvMpjVoqby8cTvQ%3d%3d
2024-08-13 14:36:35.970 00000d20 Request: msedge.b.tlu.dl.delivery.mp.microsoft.com/filestreamingservice/files/da952fb5-92de-44f8-bf9f-f225d7913731?P1=1724148368&P2=404&P3=2&P4=IQaNV97IfPXhdYt0bBHhF7gdA6c6li8lEfaCuxcbWKlaQ%2fkWQw6ww9FaBuGXPVVK1ITkMSPHvMpjVoqby8cTvQ%3d%3d
2024-08-13 14:36:35.986 00000934 Request: msedge.b.tlu.dl.delivery.mp.microsoft.com/filestreamingservice/files/da952fb5-92de-44f8-bf9f-f225d7913731?P1=1724148368&P2=404&P3=2&P4=IQaNV97IfPXhdYt0bBHhF7gdA6c6li8lEfaCuxcbWKlaQ%2fkWQw6ww9FaBuGXPVVK1ITkMSPHvMpjVoqby8cTvQ%3d%3d
2024-08-13 14:36:39.205 00000934 Request: msedge.b.tlu.dl.delivery.mp.microsoft.com/filestreamingservice/files/da952fb5-92de-44f8-bf9f-f225d7913731?P1=1724148368&P2=404&P3=2&P4=IQaNV97IfPXhdYt0bBHhF7gdA6c6li8lEfaCuxcbWKlaQ%2fkWQw6ww9FaBuGXPVVK1ITkMSPHvMpjVoqby8cTvQ%3d%3d
2024-08-13 14:36:40.423 00000d20 Request: msedge.b.tlu.dl.delivery.mp.microsoft.com/filestreamingservice/files/da952fb5-92de-44f8-bf9f-f225d7913731?P1=1724148368&P2=404&P3=2&P4=IQaNV97IfPXhdYt0bBHhF7gdA6c6li8lEfaCuxcbWKlaQ%2fkWQw6ww9FaBuGXPVVK1ITkMSPHvMpjVoqby8cTvQ%3d%3d
2024-08-13 14:36:41.455 00000934 Request: msedge.b.tlu.dl.delivery.mp.microsoft.com/filestreamingservice/files/da952fb5-92de-44f8-bf9f-f225d7913731?P1=1724148368&P2=404&P3=2&P4=IQaNV97IfPXhdYt0bBHhF7gdA6c6li8lEfaCuxcbWKlaQ%2fkWQw6ww9FaBuGXPVVK1ITkMSPHvMpjVoqby8cTvQ%3d%3d
2024-08-13 14:36:42.705 00000d20 Request: msedge.b.tlu.dl.delivery.mp.microsoft.com/filestreamingservice/files/da952fb5-92de-44f8-bf9f-f225d7913731?P1=1724148368&P2=404&P3=2&P4=IQaNV97IfPXhdYt0bBHhF7gdA6c6li8lEfaCuxcbWKlaQ%2fkWQw6ww9FaBuGXPVVK1ITkMSPHvMpjVoqby8cTvQ%3d%3d
2024-08-13 14:36:43.033 00000934 Request: msedge.b.tlu.dl.delivery.mp.microsoft.com/filestreamingservice/files/da952fb5-92de-44f8-bf9f-f225d7913731?P1=1724148368&P2=404&P3=2&P4=IQaNV97IfPXhdYt0bBHhF7gdA6c6li8lEfaCuxcbWKlaQ%2fkWQw6ww9FaBuGXPVVK1ITkMSPHvMpjVoqby8cTvQ%3d%3d
2024-08-13 14:36:44.408 00000d20 Request: msedge.b.tlu.dl.delivery.mp.microsoft.com/filestreamingservice/files/da952fb5-92de-44f8-bf9f-f225d7913731?P1=1724148368&P2=404&P3=2&P4=IQaNV97IfPXhdYt0bBHhF7gdA6c6li8lEfaCuxcbWKlaQ%2fkWQw6ww9FaBuGXPVVK1ITkMSPHvMpjVoqby8cTvQ%3d%3d
2024-08-13 14:36:45.173 00000934 Request: msedge.b.tlu.dl.delivery.mp.microsoft.com/filestreamingservice/files/da952fb5-92de-44f8-bf9f-f225d7913731?P1=1724148368&P2=404&P3=2&P4=IQaNV97IfPXhdYt0bBHhF7gdA6c6li8lEfaCuxcbWKlaQ%2fkWQw6ww9FaBuGXPVVK1ITkMSPHvMpjVoqby8cTvQ%3d%3d
2024-08-13 14:36:46.189 00000d20 Request: msedge.b.tlu.dl.delivery.mp.microsoft.com/filestreamingservice/files/da952fb5-92de-44f8-bf9f-f225d7913731?P1=1724148368&P2=404&P3=2&P4=IQaNV97IfPXhdYt0bBHhF7gdA6c6li8lEfaCuxcbWKlaQ%2fkWQw6ww9FaBuGXPVVK1ITkMSPHvMpjVoqby8cTvQ%3d%3d
2024-08-13 14:36:47.751 00000d20 Request: msedge.b.tlu.dl.delivery.mp.microsoft.com/filestreamingservice/files/da952fb5-92de-44f8-bf9f-f225d7913731?P1=1724148368&P2=404&P3=2&P4=IQaNV97IfPXhdYt0bBHhF7gdA6c6li8lEfaCuxcbWKlaQ%2fkWQw6ww9FaBuGXPVVK1ITkMSPHvMpjVoqby8cTvQ%3d%3d
2024-08-13 14:36:47.845 00000934 Request: msedge.b.tlu.dl.delivery.mp.microsoft.com/filestreamingservice/files/da952fb5-92de-44f8-bf9f-f225d7913731?P1=1724148368&P2=404&P3=2&P4=IQaNV97IfPXhdYt0bBHhF7gdA6c6li8lEfaCuxcbWKlaQ%2fkWQw6ww9FaBuGXPVVK1ITkMSPHvMpjVoqby8cTvQ%3d%3d
2024-08-13 14:36:49.517 00000d20 Request: msedge.b.tlu.dl.delivery.mp.microsoft.com/filestreamingservice/files/da952fb5-92de-44f8-bf9f-f225d7913731?P1=1724148368&P2=404&P3=2&P4=IQaNV97IfPXhdYt0bBHhF7gdA6c6li8lEfaCuxcbWKlaQ%2fkWQw6ww9FaBuGXPVVK1ITkMSPHvMpjVoqby8cTvQ%3d%3d
2024-08-13 14:36:50.830 00000934 Request: msedge.b.tlu.dl.delivery.mp.microsoft.com/filestreamingservice/files/da952fb5-92de-44f8-bf9f-f225d7913731?P1=1724148368&P2=404&P3=2&P4=IQaNV97IfPXhdYt0bBHhF7gdA6c6li8lEfaCuxcbWKlaQ%2fkWQw6ww9FaBuGXPVVK1ITkMSPHvMpjVoqby8cTvQ%3d%3d
2024-08-13 14:36:51.939 00000d20 Request: msedge.b.tlu.dl.delivery.mp.microsoft.com/filestreamingservice/files/da952fb5-92de-44f8-bf9f-f225d7913731?P1=1724148368&P2=404&P3=2&P4=IQaNV97IfPXhdYt0bBHhF7gdA6c6li8lEfaCuxcbWKlaQ%2fkWQw6ww9FaBuGXPVVK1ITkMSPHvMpjVoqby8cTvQ%3d%3d
2024-08-13 14:36:52.470 00000934 Request: msedge.b.tlu.dl.delivery.mp.microsoft.com/filestreamingservice/files/da952fb5-92de-44f8-bf9f-f225d7913731?P1=1724148368&P2=404&P3=2&P4=IQaNV97IfPXhdYt0bBHhF7gdA6c6li8lEfaCuxcbWKlaQ%2fkWQw6ww9FaBuGXPVVK1ITkMSPHvMpjVoqby8cTvQ%3d%3d
2024-08-13 14:36:54.470 00000934 Request: msedge.b.tlu.dl.delivery.mp.microsoft.com/filestreamingservice/files/da952fb5-92de-44f8-bf9f-f225d7913731?P1=1724148368&P2=404&P3=2&P4=IQaNV97IfPXhdYt0bBHhF7gdA6c6li8lEfaCuxcbWKlaQ%2fkWQw6ww9FaBuGXPVVK1ITkMSPHvMpjVoqby8cTvQ%3d%3d
2024-08-13 14:36:54.767 00000d20 Request: msedge.b.tlu.dl.delivery.mp.microsoft.com/filestreamingservice/files/da952fb5-92de-44f8-bf9f-f225d7913731?P1=1724148368&P2=404&P3=2&P4=IQaNV97IfPXhdYt0bBHhF7gdA6c6li8lEfaCuxcbWKlaQ%2fkWQw6ww9FaBuGXPVVK1ITkMSPHvMpjVoqby8cTvQ%3d%3d
2024-08-13 14:36:55.892 00000934 Request: msedge.b.tlu.dl.delivery.mp.microsoft.com/filestreamingservice/files/da952fb5-92de-44f8-bf9f-f225d7913731?P1=1724148368&P2=404&P3=2&P4=IQaNV97IfPXhdYt0bBHhF7gdA6c6li8lEfaCuxcbWKlaQ%2fkWQw6ww9FaBuGXPVVK1ITkMSPHvMpjVoqby8cTvQ%3d%3d
2024-08-13 14:36:57.673 00000934 Request: msedge.b.tlu.dl.delivery.mp.microsoft.com/filestreamingservice/files/da952fb5-92de-44f8-bf9f-f225d7913731?P1=1724148368&P2=404&P3=2&P4=IQaNV97IfPXhdYt0bBHhF7gdA6c6li8lEfaCuxcbWKlaQ%2fkWQw6ww9FaBuGXPVVK1ITkMSPHvMpjVoqby8cTvQ%3d%3d
2024-08-13 14:36:58.767 00000d20 Request: msedge.b.tlu.dl.delivery.mp.microsoft.com/filestreamingservice/files/da952fb5-92de-44f8-bf9f-f225d7913731?P1=1724148368&P2=404&P3=2&P4=IQaNV97IfPXhdYt0bBHhF7gdA6c6li8lEfaCuxcbWKlaQ%2fkWQw6ww9FaBuGXPVVK1ITkMSPHvMpjVoqby8cTvQ%3d%3d
2024-08-13 14:36:59.892 00000934 Request: msedge.b.tlu.dl.delivery.mp.microsoft.com/filestreamingservice/files/da952fb5-92de-44f8-bf9f-f225d7913731?P1=1724148368&P2=404&P3=2&P4=IQaNV97IfPXhdYt0bBHhF7gdA6c6li8lEfaCuxcbWKlaQ%2fkWQw6ww9FaBuGXPVVK1ITkMSPHvMpjVoqby8cTvQ%3d%3d
2024-08-13 14:37:01.345 00000934 Request: msedge.b.tlu.dl.delivery.mp.microsoft.com/filestreamingservice/files/da952fb5-92de-44f8-bf9f-f225d7913731?P1=1724148368&P2=404&P3=2&P4=IQaNV97IfPXhdYt0bBHhF7gdA6c6li8lEfaCuxcbWKlaQ%2fkWQw6ww9FaBuGXPVVK1ITkMSPHvMpjVoqby8cTvQ%3d%3d
2024-08-13 14:37:01.611 00000d20 Request: msedge.b.tlu.dl.delivery.mp.microsoft.com/filestreamingservice/files/da952fb5-92de-44f8-bf9f-f225d7913731?P1=1724148368&P2=404&P3=2&P4=IQaNV97IfPXhdYt0bBHhF7gdA6c6li8lEfaCuxcbWKlaQ%2fkWQw6ww9FaBuGXPVVK1ITkMSPHvMpjVoqby8cTvQ%3d%3d
2024-08-13 14:37:02.751 00000934 Request: msedge.b.tlu.dl.delivery.mp.microsoft.com/filestreamingservice/files/da952fb5-92de-44f8-bf9f-f225d7913731?P1=1724148368&P2=404&P3=2&P4=IQaNV97IfPXhdYt0bBHhF7gdA6c6li8lEfaCuxcbWKlaQ%2fkWQw6ww9FaBuGXPVVK1ITkMSPHvMpjVoqby8cTvQ%3d%3d
2024-08-13 14:37:04.142 00000934 Request: msedge.b.tlu.dl.delivery.mp.microsoft.com/filestreamingservice/files/da952fb5-92de-44f8-bf9f-f225d7913731?P1=1724148368&P2=404&P3=2&P4=IQaNV97IfPXhdYt0bBHhF7gdA6c6li8lEfaCuxcbWKlaQ%2fkWQw6ww9FaBuGXPVVK1ITkMSPHvMpjVoqby8cTvQ%3d%3d
2024-08-13 14:37:05.267 00000d20 Request: msedge.b.tlu.dl.delivery.mp.microsoft.com/filestreamingservice/files/da952fb5-92de-44f8-bf9f-f225d7913731?P1=1724148368&P2=404&P3=2&P4=IQaNV97IfPXhdYt0bBHhF7gdA6c6li8lEfaCuxcbWKlaQ%2fkWQw6ww9FaBuGXPVVK1ITkMSPHvMpjVoqby8cTvQ%3d%3d
2024-08-13 14:37:05.595 00000934 Request: msedge.b.tlu.dl.delivery.mp.microsoft.com/filestreamingservice/files/da952fb5-92de-44f8-bf9f-f225d7913731?P1=1724148368&P2=404&P3=2&P4=IQaNV97IfPXhdYt0bBHhF7gdA6c6li8lEfaCuxcbWKlaQ%2fkWQw6ww9FaBuGXPVVK1ITkMSPHvMpjVoqby8cTvQ%3d%3d
2024-08-13 14:37:06.720 00000d20 Request: msedge.b.tlu.dl.delivery.mp.microsoft.com/filestreamingservice/files/da952fb5-92de-44f8-bf9f-f225d7913731?P1=1724148368&P2=404&P3=2&P4=IQaNV97IfPXhdYt0bBHhF7gdA6c6li8lEfaCuxcbWKlaQ%2fkWQw6ww9FaBuGXPVVK1ITkMSPHvMpjVoqby8cTvQ%3d%3d
2024-08-13 14:37:08.142 00000d20 Request: msedge.b.tlu.dl.delivery.mp.microsoft.com/filestreamingservice/files/da952fb5-92de-44f8-bf9f-f225d7913731?P1=1724148368&P2=404&P3=2&P4=IQaNV97IfPXhdYt0bBHhF7gdA6c6li8lEfaCuxcbWKlaQ%2fkWQw6ww9FaBuGXPVVK1ITkMSPHvMpjVoqby8cTvQ%3d%3d
2024-08-13 14:37:09.158 00000934 Request: msedge.b.tlu.dl.delivery.mp.microsoft.com/filestreamingservice/files/da952fb5-92de-44f8-bf9f-f225d7913731?P1=1724148368&P2=404&P3=2&P4=IQaNV97IfPXhdYt0bBHhF7gdA6c6li8lEfaCuxcbWKlaQ%2fkWQw6ww9FaBuGXPVVK1ITkMSPHvMpjVoqby8cTvQ%3d%3d
2024-08-13 14:37:10.501 00000934 Request: msedge.b.tlu.dl.delivery.mp.microsoft.com/filestreamingservice/files/da952fb5-92de-44f8-bf9f-f225d7913731?P1=1724148368&P2=404&P3=2&P4=IQaNV97IfPXhdYt0bBHhF7gdA6c6li8lEfaCuxcbWKlaQ%2fkWQw6ww9FaBuGXPVVK1ITkMSPHvMpjVoqby8cTvQ%3d%3d
2024-08-13 14:37:11.783 00000934 Request: msedge.b.tlu.dl.delivery.mp.microsoft.com/filestreamingservice/files/da952fb5-92de-44f8-bf9f-f225d7913731?P1=1724148368&P2=404&P3=2&P4=IQaNV97IfPXhdYt0bBHhF7gdA6c6li8lEfaCuxcbWKlaQ%2fkWQw6ww9FaBuGXPVVK1ITkMSPHvMpjVoqby8cTvQ%3d%3d
2024-08-13 14:37:13.376 00000934 Request: msedge.b.tlu.dl.delivery.mp.microsoft.com/filestreamingservice/files/da952fb5-92de-44f8-bf9f-f225d7913731?P1=1724148368&P2=404&P3=2&P4=IQaNV97IfPXhdYt0bBHhF7gdA6c6li8lEfaCuxcbWKlaQ%2fkWQw6ww9FaBuGXPVVK1ITkMSPHvMpjVoqby8cTvQ%3d%3d
2024-08-13 14:37:14.720 00000934 Request: msedge.b.tlu.dl.delivery.mp.microsoft.com/filestreamingservice/files/da952fb5-92de-44f8-bf9f-f225d7913731?P1=1724148368&P2=404&P3=2&P4=IQaNV97IfPXhdYt0bBHhF7gdA6c6li8lEfaCuxcbWKlaQ%2fkWQw6ww9FaBuGXPVVK1ITkMSPHvMpjVoqby8cTvQ%3d%3d
2024-08-13 14:37:15.048 00000d20 Request: msedge.b.tlu.dl.delivery.mp.microsoft.com/filestreamingservice/files/da952fb5-92de-44f8-bf9f-f225d7913731?P1=1724148368&P2=404&P3=2&P4=IQaNV97IfPXhdYt0bBHhF7gdA6c6li8lEfaCuxcbWKlaQ%2fkWQw6ww9FaBuGXPVVK1ITkMSPHvMpjVoqby8cTvQ%3d%3d
2024-08-13 14:37:16.017 00000934 Request: msedge.b.tlu.dl.delivery.mp.microsoft.com/filestreamingservice/files/da952fb5-92de-44f8-bf9f-f225d7913731?P1=1724148368&P2=404&P3=2&P4=IQaNV97IfPXhdYt0bBHhF7gdA6c6li8lEfaCuxcbWKlaQ%2fkWQw6ww9FaBuGXPVVK1ITkMSPHvMpjVoqby8cTvQ%3d%3d
2024-08-13 14:37:17.767 00000d20 Request: msedge.b.tlu.dl.delivery.mp.microsoft.com/filestreamingservice/files/da952fb5-92de-44f8-bf9f-f225d7913731?P1=1724148368&P2=404&P3=2&P4=IQaNV97IfPXhdYt0bBHhF7gdA6c6li8lEfaCuxcbWKlaQ%2fkWQw6ww9FaBuGXPVVK1ITkMSPHvMpjVoqby8cTvQ%3d%3d
2024-08-13 14:37:17.892 00000934 Request: msedge.b.tlu.dl.delivery.mp.microsoft.com/filestreamingservice/files/da952fb5-92de-44f8-bf9f-f225d7913731?P1=1724148368&P2=404&P3=2&P4=IQaNV97IfPXhdYt0bBHhF7gdA6c6li8lEfaCuxcbWKlaQ%2fkWQw6ww9FaBuGXPVVK1ITkMSPHvMpjVoqby8cTvQ%3d%3d
2024-08-13 14:37:19.470 00000d20 Request: msedge.b.tlu.dl.delivery.mp.microsoft.com/filestreamingservice/files/da952fb5-92de-44f8-bf9f-f225d7913731?P1=1724148368&P2=404&P3=2&P4=IQaNV97IfPXhdYt0bBHhF7gdA6c6li8lEfaCuxcbWKlaQ%2fkWQw6ww9FaBuGXPVVK1ITkMSPHvMpjVoqby8cTvQ%3d%3d
2024-08-13 14:37:20.033 00000934 Request: msedge.b.tlu.dl.delivery.mp.microsoft.com/filestreamingservice/files/da952fb5-92de-44f8-bf9f-f225d7913731?P1=1724148368&P2=404&P3=2&P4=IQaNV97IfPXhdYt0bBHhF7gdA6c6li8lEfaCuxcbWKlaQ%2fkWQw6ww9FaBuGXPVVK1ITkMSPHvMpjVoqby8cTvQ%3d%3d
2024-08-13 14:37:22.267 00000d20 Request: msedge.b.tlu.dl.delivery.mp.microsoft.com/filestreamingservice/files/da952fb5-92de-44f8-bf9f-f225d7913731?P1=1724148368&P2=404&P3=2&P4=IQaNV97IfPXhdYt0bBHhF7gdA6c6li8lEfaCuxcbWKlaQ%2fkWQw6ww9FaBuGXPVVK1ITkMSPHvMpjVoqby8cTvQ%3d%3d
2024-08-13 14:37:27.033 00000934 Request: msedge.b.tlu.dl.delivery.mp.microsoft.com/filestreamingservice/files/da952fb5-92de-44f8-bf9f-f225d7913731?P1=1724148368&P2=404&P3=2&P4=IQaNV97IfPXhdYt0bBHhF7gdA6c6li8lEfaCuxcbWKlaQ%2fkWQw6ww9FaBuGXPVVK1ITkMSPHvMpjVoqby8cTvQ%3d%3d
2024-08-13 14:37:31.595 00000d20 Request: msedge.b.tlu.dl.delivery.mp.microsoft.com/filestreamingservice/files/da952fb5-92de-44f8-bf9f-f225d7913731?P1=1724148368&P2=404&P3=2&P4=IQaNV97IfPXhdYt0bBHhF7gdA6c6li8lEfaCuxcbWKlaQ%2fkWQw6ww9FaBuGXPVVK1ITkMSPHvMpjVoqby8cTvQ%3d%3d
2024-08-13 14:37:32.330 00000d20 Request: msedge.b.tlu.dl.delivery.mp.microsoft.com/filestreamingservice/files/da952fb5-92de-44f8-bf9f-f225d7913731?P1=1724148368&P2=404&P3=2&P4=IQaNV97IfPXhdYt0bBHhF7gdA6c6li8lEfaCuxcbWKlaQ%2fkWQw6ww9FaBuGXPVVK1ITkMSPHvMpjVoqby8cTvQ%3d%3d
2024-08-13 14:37:33.376 00000934 Request: msedge.b.tlu.dl.delivery.mp.microsoft.com/filestreamingservice/files/da952fb5-92de-44f8-bf9f-f225d7913731?P1=1724148368&P2=404&P3=2&P4=IQaNV97IfPXhdYt0bBHhF7gdA6c6li8lEfaCuxcbWKlaQ%2fkWQw6ww9FaBuGXPVVK1ITkMSPHvMpjVoqby8cTvQ%3d%3d
2024-08-13 14:37:33.689 00000d20 Request: msedge.b.tlu.dl.delivery.mp.microsoft.com/filestreamingservice/files/da952fb5-92de-44f8-bf9f-f225d7913731?P1=1724148368&P2=404&P3=2&P4=IQaNV97IfPXhdYt0bBHhF7gdA6c6li8lEfaCuxcbWKlaQ%2fkWQw6ww9FaBuGXPVVK1ITkMSPHvMpjVoqby8cTvQ%3d%3d
2024-08-13 14:37:35.189 00000934 Request: msedge.b.tlu.dl.delivery.mp.microsoft.com/filestreamingservice/files/da952fb5-92de-44f8-bf9f-f225d7913731?P1=1724148368&P2=404&P3=2&P4=IQaNV97IfPXhdYt0bBHhF7gdA6c6li8lEfaCuxcbWKlaQ%2fkWQw6ww9FaBuGXPVVK1ITkMSPHvMpjVoqby8cTvQ%3d%3d
2024-08-13 14:37:35.705 00000d20 Request: msedge.b.tlu.dl.delivery.mp.microsoft.com/filestreamingservice/files/da952fb5-92de-44f8-bf9f-f225d7913731?P1=1724148368&P2=404&P3=2&P4=IQaNV97IfPXhdYt0bBHhF7gdA6c6li8lEfaCuxcbWKlaQ%2fkWQw6ww9FaBuGXPVVK1ITkMSPHvMpjVoqby8cTvQ%3d%3d
2024-08-13 14:37:38.845 00000d20 Request: msedge.b.tlu.dl.delivery.mp.microsoft.com/filestreamingservice/files/da952fb5-92de-44f8-bf9f-f225d7913731?P1=1724148368&P2=404&P3=2&P4=IQaNV97IfPXhdYt0bBHhF7gdA6c6li8lEfaCuxcbWKlaQ%2fkWQw6ww9FaBuGXPVVK1ITkMSPHvMpjVoqby8cTvQ%3d%3d
2024-08-13 14:37:38.876 00000934 Request: msedge.b.tlu.dl.delivery.mp.microsoft.com/filestreamingservice/files/da952fb5-92de-44f8-bf9f-f225d7913731?P1=1724148368&P2=404&P3=2&P4=IQaNV97IfPXhdYt0bBHhF7gdA6c6li8lEfaCuxcbWKlaQ%2fkWQw6ww9FaBuGXPVVK1ITkMSPHvMpjVoqby8cTvQ%3d%3d
2024-08-13 14:38:15.283 000006bc Request: config.edge.skype.com:443/
2024-08-13 14:59:58.970 000008f0 Request: settings-win.data.microsoft.com:443/
2024-08-13 15:00:00.111 000009f8 Request: settings-win.data.microsoft.com:443/
2024-08-13 15:00:59.673 000008cc Request: ctldl.windowsupdate.com/msdownload/update/v3/static/trustedr/en/authrootstl.cab?1eb00f112bc390ad
2024-08-13 15:23:26.220 00000754 Request: update.googleapis.com:443/
